{"/Users/alanabundis/Documents/GBM-Frontend-Challenge/src/app/login/page.tsx": {"path":"/Users/alanabundis/Documents/GBM-Frontend-Challenge/src/app/login/page.tsx","statementMap":{"0":{"start":{"line":127,"column":0},"end":{"line":127,"column":15}},"1":{"start":{"line":3,"column":25},"end":{"line":3,"column":null}},"2":{"start":{"line":4,"column":19},"end":{"line":4,"column":null}},"3":{"start":{"line":6,"column":24},"end":{"line":6,"column":null}},"4":{"start":{"line":7,"column":22},"end":{"line":7,"column":null}},"5":{"start":{"line":8,"column":22},"end":{"line":8,"column":null}},"6":{"start":{"line":9,"column":26},"end":{"line":9,"column":null}},"7":{"start":{"line":16,"column":14},"end":{"line":125,"column":null}},"8":{"start":{"line":17,"column":17},"end":{"line":17,"column":null}},"9":{"start":{"line":18,"column":22},"end":{"line":18,"column":null}},"10":{"start":{"line":19,"column":23},"end":{"line":19,"column":null}},"11":{"start":{"line":20,"column":28},"end":{"line":20,"column":null}},"12":{"start":{"line":21,"column":40},"end":{"line":21,"column":null}},"13":{"start":{"line":23,"column":26},"end":{"line":27,"column":null}},"14":{"start":{"line":30,"column":25},"end":{"line":39,"column":null}},"15":{"start":{"line":31,"column":4},"end":{"line":38,"column":null}},"16":{"start":{"line":32,"column":23},"end":{"line":32,"column":null}},"17":{"start":{"line":34,"column":6},"end":{"line":34,"column":null}},"18":{"start":{"line":35,"column":6},"end":{"line":35,"column":null}},"19":{"start":{"line":37,"column":6},"end":{"line":37,"column":null}},"20":{"start":{"line":42,"column":24},"end":{"line":51,"column":null}},"21":{"start":{"line":43,"column":4},"end":{"line":50,"column":null}},"22":{"start":{"line":44,"column":23},"end":{"line":44,"column":null}},"23":{"start":{"line":46,"column":6},"end":{"line":46,"column":null}},"24":{"start":{"line":47,"column":6},"end":{"line":47,"column":null}},"25":{"start":{"line":49,"column":6},"end":{"line":49,"column":null}},"26":{"start":{"line":53,"column":26},"end":{"line":62,"column":null}},"27":{"start":{"line":55,"column":6},"end":{"line":59,"column":null}},"28":{"start":{"line":61,"column":4},"end":{"line":61,"column":null}},"29":{"start":{"line":112,"column":16},"end":{"line":114,"column":null}},"30":{"start":{"line":115,"column":16},"end":{"line":115,"column":null}},"31":{"start":{"line":127,"column":15},"end":{"line":127,"column":null}}},"fnMap":{"0":{"name":"(anonymous_2)","decl":{"start":{"line":16,"column":14},"end":{"line":16,"column":null}},"loc":{"start":{"line":16,"column":14},"end":{"line":125,"column":null}}},"1":{"name":"(anonymous_3)","decl":{"start":{"line":30,"column":25},"end":{"line":30,"column":32}},"loc":{"start":{"line":30,"column":62},"end":{"line":39,"column":null}}},"2":{"name":"(anonymous_4)","decl":{"start":{"line":42,"column":24},"end":{"line":42,"column":31}},"loc":{"start":{"line":42,"column":61},"end":{"line":51,"column":null}}},"3":{"name":"(anonymous_5)","decl":{"start":{"line":53,"column":26},"end":{"line":53,"column":27}},"loc":{"start":{"line":53,"column":39},"end":{"line":62,"column":null}}},"4":{"name":"(anonymous_6)","decl":{"start":{"line":111,"column":23},"end":{"line":111,"column":null}},"loc":{"start":{"line":111,"column":23},"end":{"line":116,"column":null}}}},"branchMap":{"0":{"loc":{"start":{"line":55,"column":6},"end":{"line":59,"column":null}},"type":"cond-expr","locations":[{"start":{"line":56,"column":10},"end":{"line":56,"column":null}},{"start":{"line":57,"column":10},"end":{"line":59,"column":null}}]},"1":{"loc":{"start":{"line":57,"column":10},"end":{"line":59,"column":null}},"type":"cond-expr","locations":[{"start":{"line":58,"column":10},"end":{"line":58,"column":null}},{"start":{"line":59,"column":10},"end":{"line":59,"column":null}}]},"2":{"loc":{"start":{"line":71,"column":16},"end":{"line":71,"column":null}},"type":"cond-expr","locations":[{"start":{"line":71,"column":30},"end":{"line":71,"column":43}},{"start":{"line":71,"column":43},"end":{"line":71,"column":null}}]},"3":{"loc":{"start":{"line":72,"column":20},"end":{"line":72,"column":null}},"type":"cond-expr","locations":[{"start":{"line":72,"column":34},"end":{"line":72,"column":51}},{"start":{"line":72,"column":51},"end":{"line":72,"column":null}}]},"4":{"loc":{"start":{"line":75,"column":39},"end":{"line":75,"column":null}},"type":"cond-expr","locations":[{"start":{"line":75,"column":53},"end":{"line":75,"column":65}},{"start":{"line":75,"column":65},"end":{"line":75,"column":null}}]},"5":{"loc":{"start":{"line":102,"column":15},"end":{"line":102,"column":null}},"type":"cond-expr","locations":[{"start":{"line":102,"column":29},"end":{"line":102,"column":41}},{"start":{"line":102,"column":41},"end":{"line":102,"column":null}}]},"6":{"loc":{"start":{"line":107,"column":13},"end":{"line":109,"column":null}},"type":"cond-expr","locations":[{"start":{"line":108,"column":16},"end":{"line":108,"column":null}},{"start":{"line":109,"column":16},"end":{"line":109,"column":null}}]},"7":{"loc":{"start":{"line":112,"column":16},"end":{"line":114,"column":null}},"type":"cond-expr","locations":[{"start":{"line":113,"column":20},"end":{"line":113,"column":null}},{"start":{"line":114,"column":20},"end":{"line":114,"column":null}}]},"8":{"loc":{"start":{"line":118,"column":15},"end":{"line":118,"column":null}},"type":"cond-expr","locations":[{"start":{"line":118,"column":29},"end":{"line":118,"column":40}},{"start":{"line":118,"column":40},"end":{"line":118,"column":null}}]}},"s":{"0":2,"1":1,"2":1,"3":1,"4":1,"5":1,"6":1,"7":1,"8":0,"9":0,"10":0,"11":0,"12":0,"13":0,"14":0,"15":0,"16":0,"17":0,"18":0,"19":0,"20":0,"21":0,"22":0,"23":0,"24":0,"25":0,"26":0,"27":0,"28":0,"29":0,"30":0,"31":1},"f":{"0":0,"1":0,"2":0,"3":0,"4":0},"b":{"0":[0,0],"1":[0,0],"2":[0,0],"3":[0,0],"4":[0,0],"5":[0,0],"6":[0,0],"7":[0,0],"8":[0,0]}}
,"/Users/alanabundis/Documents/GBM-Frontend-Challenge/src/components/Chart/Chart.tsx": {"path":"/Users/alanabundis/Documents/GBM-Frontend-Challenge/src/components/Chart/Chart.tsx","statementMap":{"0":{"start":{"line":217,"column":0},"end":{"line":217,"column":15}},"1":{"start":{"line":8,"column":7},"end":{"line":8,"column":null}},"2":{"start":{"line":9,"column":70},"end":{"line":9,"column":null}},"3":{"start":{"line":10,"column":19},"end":{"line":10,"column":null}},"4":{"start":{"line":11,"column":18},"end":{"line":11,"column":null}},"5":{"start":{"line":13,"column":23},"end":{"line":13,"column":null}},"6":{"start":{"line":14,"column":25},"end":{"line":14,"column":null}},"7":{"start":{"line":16,"column":23},"end":{"line":21,"column":null}},"8":{"start":{"line":23,"column":24},"end":{"line":23,"column":34}},"9":{"start":{"line":30,"column":14},"end":{"line":215,"column":null}},"10":{"start":{"line":31,"column":28},"end":{"line":31,"column":null}},"11":{"start":{"line":32,"column":28},"end":{"line":32,"column":null}},"12":{"start":{"line":34,"column":4},"end":{"line":34,"column":null}},"13":{"start":{"line":36,"column":4},"end":{"line":36,"column":null}},"14":{"start":{"line":38,"column":4},"end":{"line":38,"column":null}},"15":{"start":{"line":39,"column":44},"end":{"line":40,"column":null}},"16":{"start":{"line":42,"column":46},"end":{"line":42,"column":null}},"17":{"start":{"line":43,"column":40},"end":{"line":43,"column":null}},"18":{"start":{"line":45,"column":2},"end":{"line":56,"column":null}},"19":{"start":{"line":47,"column":4},"end":{"line":55,"column":null}},"20":{"start":{"line":48,"column":6},"end":{"line":51,"column":null}},"21":{"start":{"line":54,"column":6},"end":{"line":54,"column":null}},"22":{"start":{"line":58,"column":2},"end":{"line":122,"column":null}},"23":{"start":{"line":60,"column":4},"end":{"line":113,"column":null}},"24":{"start":{"line":61,"column":6},"end":{"line":72,"column":null}},"25":{"start":{"line":62,"column":8},"end":{"line":62,"column":null}},"26":{"start":{"line":64,"column":35},"end":{"line":69,"column":null}},"27":{"start":{"line":70,"column":8},"end":{"line":70,"column":null}},"28":{"start":{"line":71,"column":8},"end":{"line":71,"column":null}},"29":{"start":{"line":74,"column":6},"end":{"line":85,"column":null}},"30":{"start":{"line":75,"column":8},"end":{"line":75,"column":null}},"31":{"start":{"line":77,"column":36},"end":{"line":82,"column":null}},"32":{"start":{"line":83,"column":8},"end":{"line":83,"column":null}},"33":{"start":{"line":84,"column":8},"end":{"line":84,"column":null}},"34":{"start":{"line":87,"column":6},"end":{"line":98,"column":null}},"35":{"start":{"line":88,"column":8},"end":{"line":88,"column":null}},"36":{"start":{"line":90,"column":35},"end":{"line":95,"column":null}},"37":{"start":{"line":96,"column":8},"end":{"line":96,"column":null}},"38":{"start":{"line":97,"column":8},"end":{"line":97,"column":null}},"39":{"start":{"line":100,"column":6},"end":{"line":111,"column":null}},"40":{"start":{"line":101,"column":8},"end":{"line":101,"column":null}},"41":{"start":{"line":103,"column":34},"end":{"line":108,"column":null}},"42":{"start":{"line":109,"column":8},"end":{"line":109,"column":null}},"43":{"start":{"line":110,"column":8},"end":{"line":110,"column":null}},"44":{"start":{"line":112,"column":6},"end":{"line":112,"column":null}},"45":{"start":{"line":124,"column":29},"end":{"line":157,"column":null}},"46":{"start":{"line":125,"column":4},"end":{"line":156,"column":null}},"47":{"start":{"line":127,"column":8},"end":{"line":131,"column":null}},"48":{"start":{"line":128,"column":10},"end":{"line":128,"column":null}},"49":{"start":{"line":130,"column":10},"end":{"line":130,"column":null}},"50":{"start":{"line":132,"column":8},"end":{"line":132,"column":null}},"51":{"start":{"line":134,"column":8},"end":{"line":138,"column":null}},"52":{"start":{"line":135,"column":10},"end":{"line":135,"column":null}},"53":{"start":{"line":137,"column":10},"end":{"line":137,"column":null}},"54":{"start":{"line":139,"column":8},"end":{"line":139,"column":null}},"55":{"start":{"line":141,"column":8},"end":{"line":145,"column":null}},"56":{"start":{"line":142,"column":10},"end":{"line":142,"column":null}},"57":{"start":{"line":144,"column":10},"end":{"line":144,"column":null}},"58":{"start":{"line":146,"column":8},"end":{"line":146,"column":null}},"59":{"start":{"line":148,"column":8},"end":{"line":152,"column":null}},"60":{"start":{"line":149,"column":10},"end":{"line":149,"column":null}},"61":{"start":{"line":151,"column":10},"end":{"line":151,"column":null}},"62":{"start":{"line":153,"column":8},"end":{"line":153,"column":null}},"63":{"start":{"line":155,"column":8},"end":{"line":155,"column":null}},"64":{"start":{"line":159,"column":28},"end":{"line":161,"column":null}},"65":{"start":{"line":160,"column":4},"end":{"line":160,"column":null}},"66":{"start":{"line":163,"column":30},"end":{"line":165,"column":null}},"67":{"start":{"line":164,"column":4},"end":{"line":164,"column":null}},"68":{"start":{"line":175,"column":12},"end":{"line":175,"column":null}},"69":{"start":{"line":180,"column":12},"end":{"line":186,"column":null}},"70":{"start":{"line":181,"column":32},"end":{"line":184,"column":null}},"71":{"start":{"line":185,"column":14},"end":{"line":185,"column":null}},"72":{"start":{"line":217,"column":15},"end":{"line":217,"column":null}}},"fnMap":{"0":{"name":"(anonymous_2)","decl":{"start":{"line":30,"column":14},"end":{"line":30,"column":15}},"loc":{"start":{"line":30,"column":63},"end":{"line":215,"column":null}}},"1":{"name":"(anonymous_3)","decl":{"start":{"line":45,"column":12},"end":{"line":45,"column":null}},"loc":{"start":{"line":45,"column":12},"end":{"line":56,"column":5}}},"2":{"name":"(anonymous_4)","decl":{"start":{"line":58,"column":12},"end":{"line":58,"column":null}},"loc":{"start":{"line":58,"column":12},"end":{"line":114,"column":5}}},"3":{"name":"(anonymous_5)","decl":{"start":{"line":124,"column":29},"end":{"line":124,"column":30}},"loc":{"start":{"line":124,"column":45},"end":{"line":157,"column":null}}},"4":{"name":"(anonymous_6)","decl":{"start":{"line":159,"column":28},"end":{"line":159,"column":29}},"loc":{"start":{"line":159,"column":29},"end":{"line":161,"column":null}}},"5":{"name":"(anonymous_7)","decl":{"start":{"line":163,"column":30},"end":{"line":163,"column":31}},"loc":{"start":{"line":163,"column":31},"end":{"line":165,"column":null}}},"6":{"name":"(anonymous_8)","decl":{"start":{"line":174,"column":24},"end":{"line":174,"column":25}},"loc":{"start":{"line":175,"column":12},"end":{"line":175,"column":null}}},"7":{"name":"(anonymous_9)","decl":{"start":{"line":179,"column":20},"end":{"line":179,"column":21}},"loc":{"start":{"line":179,"column":21},"end":{"line":187,"column":null}}}},"branchMap":{"0":{"loc":{"start":{"line":47,"column":4},"end":{"line":55,"column":null}},"type":"if","locations":[{"start":{"line":47,"column":4},"end":{"line":55,"column":null}}]},"1":{"loc":{"start":{"line":47,"column":8},"end":{"line":47,"column":61}},"type":"binary-expr","locations":[{"start":{"line":47,"column":8},"end":{"line":47,"column":33}},{"start":{"line":47,"column":37},"end":{"line":47,"column":47}},{"start":{"line":47,"column":47},"end":{"line":47,"column":61}}]},"2":{"loc":{"start":{"line":60,"column":4},"end":{"line":113,"column":null}},"type":"if","locations":[{"start":{"line":60,"column":4},"end":{"line":113,"column":null}}]},"3":{"loc":{"start":{"line":60,"column":8},"end":{"line":60,"column":43}},"type":"binary-expr","locations":[{"start":{"line":60,"column":8},"end":{"line":60,"column":21}},{"start":{"line":60,"column":21},"end":{"line":60,"column":36}},{"start":{"line":60,"column":36},"end":{"line":60,"column":43}}]},"4":{"loc":{"start":{"line":61,"column":6},"end":{"line":72,"column":null}},"type":"if","locations":[{"start":{"line":61,"column":6},"end":{"line":72,"column":null}},{"start":{"line":63,"column":13},"end":{"line":72,"column":null}}]},"5":{"loc":{"start":{"line":74,"column":6},"end":{"line":85,"column":null}},"type":"if","locations":[{"start":{"line":74,"column":6},"end":{"line":85,"column":null}},{"start":{"line":76,"column":13},"end":{"line":85,"column":null}}]},"6":{"loc":{"start":{"line":87,"column":6},"end":{"line":98,"column":null}},"type":"if","locations":[{"start":{"line":87,"column":6},"end":{"line":98,"column":null}},{"start":{"line":89,"column":13},"end":{"line":98,"column":null}}]},"7":{"loc":{"start":{"line":100,"column":6},"end":{"line":111,"column":null}},"type":"if","locations":[{"start":{"line":100,"column":6},"end":{"line":111,"column":null}},{"start":{"line":102,"column":13},"end":{"line":111,"column":null}}]},"8":{"loc":{"start":{"line":125,"column":4},"end":{"line":156,"column":null}},"type":"switch","locations":[{"start":{"line":126,"column":6},"end":{"line":132,"column":null}},{"start":{"line":133,"column":6},"end":{"line":139,"column":null}},{"start":{"line":140,"column":6},"end":{"line":146,"column":null}},{"start":{"line":147,"column":6},"end":{"line":153,"column":null}},{"start":{"line":154,"column":6},"end":{"line":155,"column":null}}]},"9":{"loc":{"start":{"line":127,"column":8},"end":{"line":131,"column":null}},"type":"if","locations":[{"start":{"line":127,"column":8},"end":{"line":131,"column":null}},{"start":{"line":129,"column":15},"end":{"line":131,"column":null}}]},"10":{"loc":{"start":{"line":130,"column":10},"end":{"line":130,"column":null}},"type":"binary-expr","locations":[{"start":{"line":130,"column":10},"end":{"line":130,"column":23}},{"start":{"line":130,"column":23},"end":{"line":130,"column":null}}]},"11":{"loc":{"start":{"line":134,"column":8},"end":{"line":138,"column":null}},"type":"if","locations":[{"start":{"line":134,"column":8},"end":{"line":138,"column":null}},{"start":{"line":136,"column":15},"end":{"line":138,"column":null}}]},"12":{"loc":{"start":{"line":137,"column":10},"end":{"line":137,"column":null}},"type":"binary-expr","locations":[{"start":{"line":137,"column":10},"end":{"line":137,"column":23}},{"start":{"line":137,"column":23},"end":{"line":137,"column":null}}]},"13":{"loc":{"start":{"line":141,"column":8},"end":{"line":145,"column":null}},"type":"if","locations":[{"start":{"line":141,"column":8},"end":{"line":145,"column":null}},{"start":{"line":143,"column":15},"end":{"line":145,"column":null}}]},"14":{"loc":{"start":{"line":144,"column":10},"end":{"line":144,"column":null}},"type":"binary-expr","locations":[{"start":{"line":144,"column":10},"end":{"line":144,"column":23}},{"start":{"line":144,"column":23},"end":{"line":144,"column":null}}]},"15":{"loc":{"start":{"line":148,"column":8},"end":{"line":152,"column":null}},"type":"if","locations":[{"start":{"line":148,"column":8},"end":{"line":152,"column":null}},{"start":{"line":150,"column":15},"end":{"line":152,"column":null}}]},"16":{"loc":{"start":{"line":151,"column":10},"end":{"line":151,"column":null}},"type":"binary-expr","locations":[{"start":{"line":151,"column":10},"end":{"line":151,"column":23}},{"start":{"line":151,"column":23},"end":{"line":151,"column":null}}]},"17":{"loc":{"start":{"line":180,"column":12},"end":{"line":186,"column":null}},"type":"if","locations":[{"start":{"line":180,"column":12},"end":{"line":186,"column":null}}]}},"s":{"0":1,"1":1,"2":1,"3":1,"4":1,"5":1,"6":1,"7":1,"8":1,"9":1,"10":2,"11":2,"12":2,"13":2,"14":2,"15":2,"16":2,"17":2,"18":2,"19":2,"20":1,"21":1,"22":2,"23":2,"24":0,"25":0,"26":0,"27":0,"28":0,"29":0,"30":0,"31":0,"32":0,"33":0,"34":0,"35":0,"36":0,"37":0,"38":0,"39":0,"40":0,"41":0,"42":0,"43":0,"44":0,"45":2,"46":0,"47":0,"48":0,"49":0,"50":0,"51":0,"52":0,"53":0,"54":0,"55":0,"56":0,"57":0,"58":0,"59":0,"60":0,"61":0,"62":0,"63":0,"64":2,"65":0,"66":2,"67":0,"68":3,"69":0,"70":0,"71":0,"72":1},"f":{"0":2,"1":2,"2":2,"3":0,"4":0,"5":0,"6":3,"7":0},"b":{"0":[1],"1":[2,2,2],"2":[0],"3":[2,0,0],"4":[0,0],"5":[0,0],"6":[0,0],"7":[0,0],"8":[0,0,0,0,0],"9":[0,0],"10":[0,0],"11":[0,0],"12":[0,0],"13":[0,0],"14":[0,0],"15":[0,0],"16":[0,0],"17":[0]}}
,"/Users/alanabundis/Documents/GBM-Frontend-Challenge/src/components/Chart/chartOptions.ts": {"path":"/Users/alanabundis/Documents/GBM-Frontend-Challenge/src/components/Chart/chartOptions.ts","statementMap":{"0":{"start":{"line":36,"column":0},"end":{"line":36,"column":15}},"1":{"start":{"line":1,"column":18},"end":{"line":1,"column":null}},"2":{"start":{"line":2,"column":26},"end":{"line":2,"column":null}},"3":{"start":{"line":4,"column":21},"end":{"line":35,"column":null}},"4":{"start":{"line":4,"column":41},"end":{"line":35,"column":null}},"5":{"start":{"line":20,"column":35},"end":{"line":20,"column":54}},"6":{"start":{"line":21,"column":34},"end":{"line":21,"column":null}},"7":{"start":{"line":31,"column":38},"end":{"line":31,"column":null}},"8":{"start":{"line":36,"column":15},"end":{"line":36,"column":null}}},"fnMap":{"0":{"name":"(anonymous_2)","decl":{"start":{"line":4,"column":21},"end":{"line":4,"column":22}},"loc":{"start":{"line":4,"column":41},"end":{"line":35,"column":null}}},"1":{"name":"(anonymous_3)","decl":{"start":{"line":20,"column":20},"end":{"line":20,"column":21}},"loc":{"start":{"line":20,"column":35},"end":{"line":20,"column":54}}},"2":{"name":"(anonymous_4)","decl":{"start":{"line":21,"column":19},"end":{"line":21,"column":20}},"loc":{"start":{"line":21,"column":34},"end":{"line":21,"column":null}}},"3":{"name":"(anonymous_5)","decl":{"start":{"line":31,"column":23},"end":{"line":31,"column":24}},"loc":{"start":{"line":31,"column":38},"end":{"line":31,"column":null}}}},"branchMap":{},"s":{"0":1,"1":1,"2":1,"3":1,"4":1,"5":0,"6":0,"7":0,"8":1},"f":{"0":1,"1":0,"2":0,"3":0},"b":{}}
,"/Users/alanabundis/Documents/GBM-Frontend-Challenge/src/components/TickerHeader/TickerHeader.tsx": {"path":"/Users/alanabundis/Documents/GBM-Frontend-Challenge/src/components/TickerHeader/TickerHeader.tsx","statementMap":{"0":{"start":{"line":158,"column":0},"end":{"line":158,"column":15}},"1":{"start":{"line":5,"column":19},"end":{"line":5,"column":null}},"2":{"start":{"line":6,"column":58},"end":{"line":6,"column":null}},"3":{"start":{"line":7,"column":62},"end":{"line":7,"column":null}},"4":{"start":{"line":9,"column":29},"end":{"line":9,"column":null}},"5":{"start":{"line":10,"column":26},"end":{"line":10,"column":null}},"6":{"start":{"line":11,"column":37},"end":{"line":11,"column":null}},"7":{"start":{"line":16,"column":7},"end":{"line":16,"column":null}},"8":{"start":{"line":17,"column":24},"end":{"line":17,"column":null}},"9":{"start":{"line":18,"column":31},"end":{"line":18,"column":null}},"10":{"start":{"line":19,"column":22},"end":{"line":19,"column":null}},"11":{"start":{"line":21,"column":24},"end":{"line":21,"column":34}},"12":{"start":{"line":29,"column":21},"end":{"line":157,"column":null}},"13":{"start":{"line":30,"column":17},"end":{"line":30,"column":null}},"14":{"start":{"line":31,"column":46},"end":{"line":31,"column":null}},"15":{"start":{"line":32,"column":38},"end":{"line":32,"column":null}},"16":{"start":{"line":33,"column":19},"end":{"line":33,"column":null}},"17":{"start":{"line":34,"column":30},"end":{"line":34,"column":null}},"18":{"start":{"line":35,"column":22},"end":{"line":35,"column":null}},"19":{"start":{"line":37,"column":2},"end":{"line":45,"column":null}},"20":{"start":{"line":38,"column":4},"end":{"line":44,"column":null}},"21":{"start":{"line":39,"column":6},"end":{"line":43,"column":null}},"22":{"start":{"line":39,"column":37},"end":{"line":39,"column":67}},"23":{"start":{"line":40,"column":8},"end":{"line":40,"column":null}},"24":{"start":{"line":42,"column":8},"end":{"line":42,"column":null}},"25":{"start":{"line":48,"column":23},"end":{"line":52,"column":null}},"26":{"start":{"line":50,"column":4},"end":{"line":50,"column":null}},"27":{"start":{"line":51,"column":4},"end":{"line":51,"column":null}},"28":{"start":{"line":54,"column":26},"end":{"line":56,"column":null}},"29":{"start":{"line":55,"column":4},"end":{"line":55,"column":null}},"30":{"start":{"line":58,"column":30},"end":{"line":68,"column":null}},"31":{"start":{"line":59,"column":4},"end":{"line":67,"column":null}},"32":{"start":{"line":60,"column":6},"end":{"line":66,"column":null}},"33":{"start":{"line":61,"column":29},"end":{"line":61,"column":null}},"34":{"start":{"line":62,"column":8},"end":{"line":62,"column":null}},"35":{"start":{"line":64,"column":29},"end":{"line":64,"column":null}},"36":{"start":{"line":65,"column":8},"end":{"line":65,"column":null}},"37":{"start":{"line":79,"column":25},"end":{"line":79,"column":null}},"38":{"start":{"line":114,"column":29},"end":{"line":114,"column":null}},"39":{"start":{"line":126,"column":18},"end":{"line":126,"column":null}},"40":{"start":{"line":158,"column":15},"end":{"line":158,"column":null}}},"fnMap":{"0":{"name":"(anonymous_2)","decl":{"start":{"line":29,"column":21},"end":{"line":29,"column":22}},"loc":{"start":{"line":29,"column":73},"end":{"line":157,"column":null}}},"1":{"name":"(anonymous_3)","decl":{"start":{"line":37,"column":12},"end":{"line":37,"column":null}},"loc":{"start":{"line":37,"column":12},"end":{"line":45,"column":5}}},"2":{"name":"(anonymous_4)","decl":{"start":{"line":39,"column":30},"end":{"line":39,"column":31}},"loc":{"start":{"line":39,"column":37},"end":{"line":39,"column":67}}},"3":{"name":"(anonymous_5)","decl":{"start":{"line":48,"column":23},"end":{"line":48,"column":24}},"loc":{"start":{"line":48,"column":24},"end":{"line":52,"column":null}}},"4":{"name":"(anonymous_6)","decl":{"start":{"line":54,"column":26},"end":{"line":54,"column":27}},"loc":{"start":{"line":54,"column":27},"end":{"line":56,"column":null}}},"5":{"name":"(anonymous_7)","decl":{"start":{"line":58,"column":30},"end":{"line":58,"column":null}},"loc":{"start":{"line":58,"column":30},"end":{"line":68,"column":null}}},"6":{"name":"(anonymous_8)","decl":{"start":{"line":79,"column":19},"end":{"line":79,"column":25}},"loc":{"start":{"line":79,"column":25},"end":{"line":79,"column":null}}},"7":{"name":"(anonymous_9)","decl":{"start":{"line":114,"column":23},"end":{"line":114,"column":29}},"loc":{"start":{"line":114,"column":29},"end":{"line":114,"column":null}}},"8":{"name":"(anonymous_10)","decl":{"start":{"line":125,"column":30},"end":{"line":125,"column":31}},"loc":{"start":{"line":126,"column":18},"end":{"line":126,"column":null}}}},"branchMap":{"0":{"loc":{"start":{"line":38,"column":4},"end":{"line":44,"column":null}},"type":"if","locations":[{"start":{"line":38,"column":4},"end":{"line":44,"column":null}}]},"1":{"loc":{"start":{"line":38,"column":8},"end":{"line":38,"column":27}},"type":"binary-expr","locations":[{"start":{"line":38,"column":8},"end":{"line":38,"column":21}},{"start":{"line":38,"column":21},"end":{"line":38,"column":27}}]},"2":{"loc":{"start":{"line":39,"column":6},"end":{"line":43,"column":null}},"type":"if","locations":[{"start":{"line":39,"column":6},"end":{"line":43,"column":null}},{"start":{"line":41,"column":13},"end":{"line":43,"column":null}}]},"3":{"loc":{"start":{"line":59,"column":4},"end":{"line":67,"column":null}},"type":"if","locations":[{"start":{"line":59,"column":4},"end":{"line":67,"column":null}}]},"4":{"loc":{"start":{"line":60,"column":6},"end":{"line":66,"column":null}},"type":"if","locations":[{"start":{"line":60,"column":6},"end":{"line":66,"column":null}},{"start":{"line":63,"column":13},"end":{"line":66,"column":null}}]},"5":{"loc":{"start":{"line":71,"column":4},"end":{"line":71,"column":null}},"type":"cond-expr","locations":[{"start":{"line":71,"column":4},"end":{"line":71,"column":null}}]},"6":{"loc":{"start":{"line":88,"column":14},"end":{"line":88,"column":null}},"type":"cond-expr","locations":[{"start":{"line":88,"column":27},"end":{"line":88,"column":53}},{"start":{"line":88,"column":53},"end":{"line":88,"column":null}}]},"7":{"loc":{"start":{"line":95,"column":16},"end":{"line":95,"column":null}},"type":"cond-expr","locations":[{"start":{"line":95,"column":29},"end":{"line":95,"column":51}},{"start":{"line":95,"column":54},"end":{"line":95,"column":null}}]},"8":{"loc":{"start":{"line":106,"column":11},"end":{"line":106,"column":null}},"type":"binary-expr","locations":[{"start":{"line":106,"column":11},"end":{"line":106,"column":null}}]},"9":{"loc":{"start":{"line":108,"column":35},"end":{"line":108,"column":null}},"type":"binary-expr","locations":[{"start":{"line":108,"column":35},"end":{"line":108,"column":49}},{"start":{"line":108,"column":49},"end":{"line":108,"column":null}}]},"10":{"loc":{"start":{"line":152,"column":28},"end":{"line":152,"column":null}},"type":"binary-expr","locations":[{"start":{"line":152,"column":28},"end":{"line":152,"column":56}},{"start":{"line":152,"column":56},"end":{"line":152,"column":null}}]}},"s":{"0":3,"1":1,"2":1,"3":1,"4":1,"5":1,"6":1,"7":1,"8":1,"9":1,"10":1,"11":1,"12":1,"13":3,"14":3,"15":3,"16":3,"17":3,"18":3,"19":3,"20":3,"21":1,"22":0,"23":0,"24":1,"25":3,"26":0,"27":0,"28":3,"29":0,"30":3,"31":0,"32":0,"33":0,"34":0,"35":0,"36":0,"37":1,"38":0,"39":0,"40":1},"f":{"0":3,"1":3,"2":0,"3":0,"4":0,"5":0,"6":1,"7":0,"8":0},"b":{"0":[1],"1":[3,3],"2":[0,1],"3":[0],"4":[0,0],"5":[1],"6":[0,2],"7":[0,2],"8":[2],"9":[2,1],"10":[2,1]}}
,"/Users/alanabundis/Documents/GBM-Frontend-Challenge/src/components/TickerHeader/TickerHeaderLoadingState.tsx": {"path":"/Users/alanabundis/Documents/GBM-Frontend-Challenge/src/components/TickerHeader/TickerHeaderLoadingState.tsx","statementMap":{"0":{"start":{"line":65,"column":0},"end":{"line":65,"column":15}},"1":{"start":{"line":4,"column":19},"end":{"line":4,"column":null}},"2":{"start":{"line":6,"column":33},"end":{"line":63,"column":null}},"3":{"start":{"line":65,"column":15},"end":{"line":65,"column":null}}},"fnMap":{"0":{"name":"(anonymous_2)","decl":{"start":{"line":6,"column":33},"end":{"line":6,"column":null}},"loc":{"start":{"line":6,"column":33},"end":{"line":63,"column":null}}}},"branchMap":{},"s":{"0":1,"1":1,"2":1,"3":1},"f":{"0":1},"b":{}}
,"/Users/alanabundis/Documents/GBM-Frontend-Challenge/src/components/TickerSearchModal/TickerSearchModal.tsx": {"path":"/Users/alanabundis/Documents/GBM-Frontend-Challenge/src/components/TickerSearchModal/TickerSearchModal.tsx","statementMap":{"0":{"start":{"line":88,"column":0},"end":{"line":88,"column":15}},"1":{"start":{"line":4,"column":71},"end":{"line":4,"column":null}},"2":{"start":{"line":6,"column":19},"end":{"line":6,"column":null}},"3":{"start":{"line":10,"column":7},"end":{"line":10,"column":null}},"4":{"start":{"line":11,"column":26},"end":{"line":11,"column":null}},"5":{"start":{"line":13,"column":26},"end":{"line":87,"column":null}},"6":{"start":{"line":20,"column":17},"end":{"line":20,"column":null}},"7":{"start":{"line":21,"column":38},"end":{"line":21,"column":null}},"8":{"start":{"line":22,"column":40},"end":{"line":22,"column":null}},"9":{"start":{"line":23,"column":42},"end":{"line":23,"column":null}},"10":{"start":{"line":25,"column":23},"end":{"line":28,"column":null}},"11":{"start":{"line":26,"column":4},"end":{"line":26,"column":null}},"12":{"start":{"line":27,"column":4},"end":{"line":27,"column":null}},"13":{"start":{"line":30,"column":61},"end":{"line":32,"column":null}},"14":{"start":{"line":31,"column":4},"end":{"line":31,"column":null}},"15":{"start":{"line":34,"column":19},"end":{"line":36,"column":null}},"16":{"start":{"line":35,"column":4},"end":{"line":35,"column":null}},"17":{"start":{"line":39,"column":25},"end":{"line":41,"column":null}},"18":{"start":{"line":40,"column":4},"end":{"line":40,"column":null}},"19":{"start":{"line":44,"column":26},"end":{"line":49,"column":null}},"20":{"start":{"line":45,"column":4},"end":{"line":48,"column":null}},"21":{"start":{"line":47,"column":6},"end":{"line":47,"column":null}},"22":{"start":{"line":65,"column":28},"end":{"line":65,"column":null}},"23":{"start":{"line":78,"column":37},"end":{"line":78,"column":null}},"24":{"start":{"line":80,"column":46},"end":{"line":80,"column":null}},"25":{"start":{"line":88,"column":15},"end":{"line":88,"column":null}}},"fnMap":{"0":{"name":"(anonymous_2)","decl":{"start":{"line":13,"column":26},"end":{"line":13,"column":27}},"loc":{"start":{"line":19,"column":1},"end":{"line":87,"column":null}}},"1":{"name":"(anonymous_3)","decl":{"start":{"line":25,"column":23},"end":{"line":25,"column":null}},"loc":{"start":{"line":25,"column":23},"end":{"line":28,"column":null}}},"2":{"name":"(anonymous_4)","decl":{"start":{"line":30,"column":61},"end":{"line":30,"column":62}},"loc":{"start":{"line":30,"column":62},"end":{"line":32,"column":null}}},"3":{"name":"(anonymous_5)","decl":{"start":{"line":34,"column":19},"end":{"line":34,"column":null}},"loc":{"start":{"line":34,"column":19},"end":{"line":36,"column":null}}},"4":{"name":"(anonymous_6)","decl":{"start":{"line":39,"column":25},"end":{"line":39,"column":26}},"loc":{"start":{"line":39,"column":26},"end":{"line":41,"column":null}}},"5":{"name":"(anonymous_7)","decl":{"start":{"line":44,"column":26},"end":{"line":44,"column":27}},"loc":{"start":{"line":44,"column":27},"end":{"line":49,"column":null}}},"6":{"name":"(anonymous_8)","decl":{"start":{"line":65,"column":21},"end":{"line":65,"column":22}},"loc":{"start":{"line":65,"column":28},"end":{"line":65,"column":null}}},"7":{"name":"(anonymous_9)","decl":{"start":{"line":78,"column":30},"end":{"line":78,"column":31}},"loc":{"start":{"line":78,"column":37},"end":{"line":78,"column":null}}},"8":{"name":"(anonymous_11)","decl":{"start":{"line":80,"column":40},"end":{"line":80,"column":46}},"loc":{"start":{"line":80,"column":46},"end":{"line":80,"column":null}}}},"branchMap":{"0":{"loc":{"start":{"line":45,"column":4},"end":{"line":48,"column":null}},"type":"if","locations":[{"start":{"line":45,"column":4},"end":{"line":48,"column":null}}]},"1":{"loc":{"start":{"line":65,"column":28},"end":{"line":65,"column":null}},"type":"binary-expr","locations":[{"start":{"line":65,"column":28},"end":{"line":65,"column":48}},{"start":{"line":65,"column":48},"end":{"line":65,"column":null}}]},"2":{"loc":{"start":{"line":75,"column":17},"end":{"line":75,"column":null}},"type":"binary-expr","locations":[{"start":{"line":75,"column":17},"end":{"line":75,"column":30}},{"start":{"line":75,"column":30},"end":{"line":75,"column":null}}]}},"s":{"0":3,"1":1,"2":1,"3":1,"4":1,"5":1,"6":3,"7":3,"8":3,"9":3,"10":3,"11":1,"12":1,"13":3,"14":0,"15":3,"16":0,"17":3,"18":9,"19":3,"20":1,"21":1,"22":0,"23":9,"24":1,"25":1},"f":{"0":3,"1":1,"2":0,"3":0,"4":9,"5":1,"6":0,"7":9,"8":1},"b":{"0":[1],"1":[0,0],"2":[3,3]}}
,"/Users/alanabundis/Documents/GBM-Frontend-Challenge/src/hooks/useFavorites/index.ts": {"path":"/Users/alanabundis/Documents/GBM-Frontend-Challenge/src/hooks/useFavorites/index.ts","statementMap":{"0":{"start":{"line":98,"column":26},"end":{"line":98,"column":40}},"1":{"start":{"line":98,"column":58},"end":{"line":98,"column":72}},"2":{"start":{"line":98,"column":42},"end":{"line":98,"column":56}},"3":{"start":{"line":98,"column":9},"end":{"line":98,"column":24}},"4":{"start":{"line":1,"column":19},"end":{"line":1,"column":null}},"5":{"start":{"line":8,"column":7},"end":{"line":8,"column":null}},"6":{"start":{"line":10,"column":41},"end":{"line":10,"column":null}},"7":{"start":{"line":11,"column":22},"end":{"line":11,"column":null}},"8":{"start":{"line":14,"column":23},"end":{"line":45,"column":null}},"9":{"start":{"line":18,"column":2},"end":{"line":45,"column":null}},"10":{"start":{"line":19,"column":4},"end":{"line":44,"column":null}},"11":{"start":{"line":20,"column":21},"end":{"line":20,"column":null}},"12":{"start":{"line":21,"column":24},"end":{"line":21,"column":null}},"13":{"start":{"line":22,"column":6},"end":{"line":32,"column":null}},"14":{"start":{"line":24,"column":8},"end":{"line":26,"column":null}},"15":{"start":{"line":29,"column":8},"end":{"line":31,"column":null}},"16":{"start":{"line":35,"column":19},"end":{"line":35,"column":null}},"17":{"start":{"line":37,"column":6},"end":{"line":41,"column":null}},"18":{"start":{"line":38,"column":21},"end":{"line":38,"column":null}},"19":{"start":{"line":39,"column":29},"end":{"line":39,"column":null}},"20":{"start":{"line":40,"column":8},"end":{"line":40,"column":null}},"21":{"start":{"line":43,"column":6},"end":{"line":43,"column":null}},"22":{"start":{"line":48,"column":23},"end":{"line":70,"column":null}},"23":{"start":{"line":52,"column":2},"end":{"line":70,"column":null}},"24":{"start":{"line":53,"column":4},"end":{"line":69,"column":null}},"25":{"start":{"line":54,"column":21},"end":{"line":54,"column":null}},"26":{"start":{"line":57,"column":6},"end":{"line":59,"column":null}},"27":{"start":{"line":61,"column":19},"end":{"line":61,"column":null}},"28":{"start":{"line":62,"column":6},"end":{"line":66,"column":null}},"29":{"start":{"line":63,"column":21},"end":{"line":63,"column":null}},"30":{"start":{"line":64,"column":29},"end":{"line":64,"column":null}},"31":{"start":{"line":65,"column":8},"end":{"line":65,"column":null}},"32":{"start":{"line":68,"column":6},"end":{"line":68,"column":null}},"33":{"start":{"line":73,"column":23},"end":{"line":88,"column":null}},"34":{"start":{"line":74,"column":2},"end":{"line":88,"column":null}},"35":{"start":{"line":75,"column":4},"end":{"line":87,"column":null}},"36":{"start":{"line":76,"column":21},"end":{"line":76,"column":null}},"37":{"start":{"line":77,"column":28},"end":{"line":77,"column":null}},"38":{"start":{"line":79,"column":6},"end":{"line":83,"column":null}},"39":{"start":{"line":80,"column":21},"end":{"line":80,"column":null}},"40":{"start":{"line":81,"column":26},"end":{"line":81,"column":null}},"41":{"start":{"line":82,"column":8},"end":{"line":82,"column":null}},"42":{"start":{"line":84,"column":6},"end":{"line":84,"column":null}},"43":{"start":{"line":86,"column":6},"end":{"line":86,"column":null}},"44":{"start":{"line":90,"column":24},"end":{"line":96,"column":null}},"45":{"start":{"line":91,"column":2},"end":{"line":95,"column":null}},"46":{"start":{"line":93,"column":19},"end":{"line":93,"column":null}}},"fnMap":{"0":{"name":"(anonymous_6)","decl":{"start":{"line":14,"column":23},"end":{"line":14,"column":null}},"loc":{"start":{"line":18,"column":2},"end":{"line":45,"column":null}}},"1":{"name":"(anonymous_7)","decl":{"start":{"line":18,"column":14},"end":{"line":18,"column":21}},"loc":{"start":{"line":18,"column":21},"end":{"line":45,"column":null}}},"2":{"name":"(anonymous_8)","decl":{"start":{"line":48,"column":23},"end":{"line":48,"column":null}},"loc":{"start":{"line":52,"column":2},"end":{"line":70,"column":null}}},"3":{"name":"(anonymous_9)","decl":{"start":{"line":52,"column":14},"end":{"line":52,"column":21}},"loc":{"start":{"line":52,"column":21},"end":{"line":70,"column":null}}},"4":{"name":"(anonymous_10)","decl":{"start":{"line":73,"column":23},"end":{"line":73,"column":30}},"loc":{"start":{"line":74,"column":2},"end":{"line":88,"column":null}}},"5":{"name":"(anonymous_11)","decl":{"start":{"line":74,"column":14},"end":{"line":74,"column":21}},"loc":{"start":{"line":74,"column":21},"end":{"line":88,"column":null}}},"6":{"name":"(anonymous_12)","decl":{"start":{"line":90,"column":24},"end":{"line":90,"column":25}},"loc":{"start":{"line":90,"column":25},"end":{"line":96,"column":null}}},"7":{"name":"(anonymous_13)","decl":{"start":{"line":93,"column":13},"end":{"line":93,"column":19}},"loc":{"start":{"line":93,"column":19},"end":{"line":93,"column":null}}}},"branchMap":{"0":{"loc":{"start":{"line":22,"column":6},"end":{"line":32,"column":null}},"type":"if","locations":[{"start":{"line":22,"column":6},"end":{"line":32,"column":null}},{"start":{"line":27,"column":13},"end":{"line":32,"column":null}}]},"1":{"loc":{"start":{"line":37,"column":6},"end":{"line":41,"column":null}},"type":"if","locations":[{"start":{"line":37,"column":6},"end":{"line":41,"column":null}}]},"2":{"loc":{"start":{"line":62,"column":6},"end":{"line":66,"column":null}},"type":"if","locations":[{"start":{"line":62,"column":6},"end":{"line":66,"column":null}}]},"3":{"loc":{"start":{"line":79,"column":6},"end":{"line":83,"column":null}},"type":"if","locations":[{"start":{"line":79,"column":6},"end":{"line":83,"column":null}}]}},"s":{"0":1,"1":1,"2":1,"3":2,"4":1,"5":1,"6":1,"7":1,"8":1,"9":1,"10":1,"11":1,"12":1,"13":1,"14":1,"15":0,"16":1,"17":1,"18":1,"19":1,"20":1,"21":0,"22":1,"23":1,"24":1,"25":1,"26":1,"27":1,"28":1,"29":1,"30":1,"31":1,"32":0,"33":1,"34":2,"35":2,"36":2,"37":2,"38":2,"39":2,"40":2,"41":2,"42":2,"43":0,"44":1,"45":2,"46":1},"f":{"0":1,"1":1,"2":1,"3":1,"4":2,"5":2,"6":2,"7":1},"b":{"0":[1,0],"1":[1],"2":[1],"3":[2]}}
,"/Users/alanabundis/Documents/GBM-Frontend-Challenge/src/hooks/useGetTicker/index.ts": {"path":"/Users/alanabundis/Documents/GBM-Frontend-Challenge/src/hooks/useGetTicker/index.ts","statementMap":{"0":{"start":{"line":104,"column":23},"end":{"line":104,"column":34}},"1":{"start":{"line":104,"column":9},"end":{"line":104,"column":21}},"2":{"start":{"line":1,"column":41},"end":{"line":1,"column":null}},"3":{"start":{"line":2,"column":37},"end":{"line":2,"column":null}},"4":{"start":{"line":3,"column":22},"end":{"line":3,"column":null}},"5":{"start":{"line":30,"column":28},"end":{"line":50,"column":null}},"6":{"start":{"line":34,"column":43},"end":{"line":34,"column":null}},"7":{"start":{"line":35,"column":51},"end":{"line":35,"column":null}},"8":{"start":{"line":36,"column":2},"end":{"line":49,"column":null}},"9":{"start":{"line":52,"column":20},"end":{"line":71,"column":null}},"10":{"start":{"line":53,"column":2},"end":{"line":70,"column":null}},"11":{"start":{"line":54,"column":26},"end":{"line":55,"column":null}},"12":{"start":{"line":57,"column":4},"end":{"line":63,"column":null}},"13":{"start":{"line":58,"column":18},"end":{"line":58,"column":null}},"14":{"start":{"line":61,"column":21},"end":{"line":61,"column":null}},"15":{"start":{"line":62,"column":6},"end":{"line":62,"column":null}},"16":{"start":{"line":66,"column":4},"end":{"line":66,"column":null}},"17":{"start":{"line":69,"column":4},"end":{"line":69,"column":null}},"18":{"start":{"line":73,"column":23},"end":{"line":91,"column":null}},"19":{"start":{"line":74,"column":2},"end":{"line":90,"column":null}},"20":{"start":{"line":75,"column":21},"end":{"line":81,"column":null}},"21":{"start":{"line":83,"column":4},"end":{"line":85,"column":null}},"22":{"start":{"line":84,"column":6},"end":{"line":84,"column":null}},"23":{"start":{"line":87,"column":4},"end":{"line":87,"column":null}},"24":{"start":{"line":89,"column":4},"end":{"line":89,"column":null}},"25":{"start":{"line":93,"column":21},"end":{"line":102,"column":null}},"26":{"start":{"line":97,"column":2},"end":{"line":101,"column":null}},"27":{"start":{"line":99,"column":19},"end":{"line":99,"column":null}}},"fnMap":{"0":{"name":"(anonymous_4)","decl":{"start":{"line":30,"column":28},"end":{"line":30,"column":null}},"loc":{"start":{"line":32,"column":2},"end":{"line":50,"column":null}}},"1":{"name":"(anonymous_5)","decl":{"start":{"line":52,"column":20},"end":{"line":52,"column":27}},"loc":{"start":{"line":52,"column":43},"end":{"line":71,"column":null}}},"2":{"name":"(anonymous_6)","decl":{"start":{"line":73,"column":23},"end":{"line":73,"column":30}},"loc":{"start":{"line":73,"column":47},"end":{"line":91,"column":null}}},"3":{"name":"(anonymous_7)","decl":{"start":{"line":93,"column":21},"end":{"line":93,"column":null}},"loc":{"start":{"line":95,"column":11},"end":{"line":102,"column":null}}},"4":{"name":"(anonymous_8)","decl":{"start":{"line":99,"column":13},"end":{"line":99,"column":19}},"loc":{"start":{"line":99,"column":19},"end":{"line":99,"column":null}}}},"branchMap":{"0":{"loc":{"start":{"line":57,"column":4},"end":{"line":63,"column":null}},"type":"if","locations":[{"start":{"line":57,"column":4},"end":{"line":63,"column":null}}]},"1":{"loc":{"start":{"line":61,"column":51},"end":{"line":61,"column":null}},"type":"binary-expr","locations":[{"start":{"line":61,"column":51},"end":{"line":61,"column":57}},{"start":{"line":61,"column":61},"end":{"line":61,"column":null}}]},"2":{"loc":{"start":{"line":76,"column":13},"end":{"line":76,"column":42}},"type":"cond-expr","locations":[{"start":{"line":76,"column":26},"end":{"line":76,"column":33}},{"start":{"line":76,"column":33},"end":{"line":76,"column":42}}]},"3":{"loc":{"start":{"line":83,"column":4},"end":{"line":85,"column":null}},"type":"if","locations":[{"start":{"line":83,"column":4},"end":{"line":85,"column":null}}]},"4":{"loc":{"start":{"line":95,"column":2},"end":{"line":95,"column":11}},"type":"default-arg","locations":[{"start":{"line":95,"column":9},"end":{"line":95,"column":11}}]}},"s":{"0":0,"1":4,"2":1,"3":1,"4":1,"5":1,"6":1,"7":1,"8":1,"9":1,"10":2,"11":2,"12":1,"13":1,"14":1,"15":1,"16":0,"17":1,"18":1,"19":1,"20":1,"21":1,"22":0,"23":1,"24":0,"25":1,"26":4,"27":2},"f":{"0":1,"1":2,"2":1,"3":4,"4":2},"b":{"0":[1],"1":[1,1],"2":[0,1],"3":[0],"4":[4]}}
,"/Users/alanabundis/Documents/GBM-Frontend-Challenge/src/hooks/useGetTickerEODData/index.ts": {"path":"/Users/alanabundis/Documents/GBM-Frontend-Challenge/src/hooks/useGetTickerEODData/index.ts","statementMap":{"0":{"start":{"line":90,"column":9},"end":{"line":90,"column":null}},"1":{"start":{"line":1,"column":41},"end":{"line":1,"column":null}},"2":{"start":{"line":2,"column":37},"end":{"line":2,"column":null}},"3":{"start":{"line":3,"column":22},"end":{"line":3,"column":null}},"4":{"start":{"line":5,"column":18},"end":{"line":5,"column":null}},"5":{"start":{"line":22,"column":28},"end":{"line":52,"column":null}},"6":{"start":{"line":23,"column":38},"end":{"line":23,"column":40}},"7":{"start":{"line":24,"column":37},"end":{"line":24,"column":39}},"8":{"start":{"line":25,"column":37},"end":{"line":25,"column":39}},"9":{"start":{"line":26,"column":36},"end":{"line":26,"column":38}},"10":{"start":{"line":27,"column":2},"end":{"line":45,"column":null}},"11":{"start":{"line":28,"column":17},"end":{"line":28,"column":null}},"12":{"start":{"line":29,"column":4},"end":{"line":32,"column":null}},"13":{"start":{"line":33,"column":4},"end":{"line":36,"column":null}},"14":{"start":{"line":37,"column":4},"end":{"line":40,"column":null}},"15":{"start":{"line":41,"column":4},"end":{"line":44,"column":null}},"16":{"start":{"line":46,"column":2},"end":{"line":51,"column":null}},"17":{"start":{"line":54,"column":23},"end":{"line":76,"column":null}},"18":{"start":{"line":59,"column":2},"end":{"line":75,"column":null}},"19":{"start":{"line":60,"column":21},"end":{"line":66,"column":null}},"20":{"start":{"line":67,"column":4},"end":{"line":70,"column":null}},"21":{"start":{"line":68,"column":25},"end":{"line":68,"column":null}},"22":{"start":{"line":69,"column":6},"end":{"line":69,"column":null}},"23":{"start":{"line":72,"column":4},"end":{"line":72,"column":null}},"24":{"start":{"line":74,"column":4},"end":{"line":74,"column":null}},"25":{"start":{"line":78,"column":28},"end":{"line":88,"column":null}},"26":{"start":{"line":83,"column":2},"end":{"line":87,"column":null}},"27":{"start":{"line":85,"column":19},"end":{"line":85,"column":null}}},"fnMap":{"0":{"name":"(anonymous_2)","decl":{"start":{"line":22,"column":28},"end":{"line":22,"column":29}},"loc":{"start":{"line":22,"column":29},"end":{"line":52,"column":null}}},"1":{"name":"(anonymous_3)","decl":{"start":{"line":27,"column":15},"end":{"line":27,"column":16}},"loc":{"start":{"line":27,"column":16},"end":{"line":45,"column":null}}},"2":{"name":"(anonymous_4)","decl":{"start":{"line":54,"column":23},"end":{"line":54,"column":null}},"loc":{"start":{"line":57,"column":2},"end":{"line":76,"column":null}}},"3":{"name":"(anonymous_5)","decl":{"start":{"line":78,"column":28},"end":{"line":78,"column":null}},"loc":{"start":{"line":81,"column":14},"end":{"line":88,"column":null}}},"4":{"name":"(anonymous_6)","decl":{"start":{"line":85,"column":13},"end":{"line":85,"column":19}},"loc":{"start":{"line":85,"column":19},"end":{"line":85,"column":null}}}},"branchMap":{"0":{"loc":{"start":{"line":67,"column":4},"end":{"line":70,"column":null}},"type":"if","locations":[{"start":{"line":67,"column":4},"end":{"line":70,"column":null}}]},"1":{"loc":{"start":{"line":68,"column":45},"end":{"line":68,"column":64}},"type":"binary-expr","locations":[{"start":{"line":68,"column":45},"end":{"line":68,"column":58}},{"start":{"line":68,"column":62},"end":{"line":68,"column":64}}]},"2":{"loc":{"start":{"line":80,"column":2},"end":{"line":80,"column":16}},"type":"default-arg","locations":[{"start":{"line":80,"column":14},"end":{"line":80,"column":16}}]},"3":{"loc":{"start":{"line":81,"column":2},"end":{"line":81,"column":14}},"type":"default-arg","locations":[{"start":{"line":81,"column":12},"end":{"line":81,"column":14}}]}},"s":{"0":4,"1":1,"2":1,"3":1,"4":1,"5":1,"6":1,"7":1,"8":1,"9":1,"10":1,"11":2,"12":2,"13":2,"14":2,"15":2,"16":1,"17":1,"18":2,"19":2,"20":1,"21":1,"22":1,"23":0,"24":1,"25":1,"26":4,"27":2},"f":{"0":1,"1":2,"2":2,"3":4,"4":2},"b":{"0":[1],"1":[1,0],"2":[2],"3":[2]}}
,"/Users/alanabundis/Documents/GBM-Frontend-Challenge/src/hooks/useGetTickerSearchList/index.ts": {"path":"/Users/alanabundis/Documents/GBM-Frontend-Challenge/src/hooks/useGetTickerSearchList/index.ts","statementMap":{"0":{"start":{"line":63,"column":9},"end":{"line":63,"column":null}},"1":{"start":{"line":1,"column":25},"end":{"line":1,"column":null}},"2":{"start":{"line":2,"column":37},"end":{"line":2,"column":null}},"3":{"start":{"line":3,"column":22},"end":{"line":3,"column":null}},"4":{"start":{"line":13,"column":29},"end":{"line":23,"column":null}},"5":{"start":{"line":14,"column":34},"end":{"line":21,"column":null}},"6":{"start":{"line":15,"column":4},"end":{"line":20,"column":null}},"7":{"start":{"line":22,"column":2},"end":{"line":22,"column":null}},"8":{"start":{"line":26,"column":21},"end":{"line":48,"column":null}},"9":{"start":{"line":27,"column":2},"end":{"line":47,"column":null}},"10":{"start":{"line":28,"column":26},"end":{"line":34,"column":null}},"11":{"start":{"line":36,"column":4},"end":{"line":40,"column":null}},"12":{"start":{"line":38,"column":22},"end":{"line":38,"column":null}},"13":{"start":{"line":39,"column":6},"end":{"line":39,"column":null}},"14":{"start":{"line":43,"column":4},"end":{"line":43,"column":null}},"15":{"start":{"line":46,"column":4},"end":{"line":46,"column":null}},"16":{"start":{"line":50,"column":28},"end":{"line":61,"column":null}},"17":{"start":{"line":51,"column":2},"end":{"line":60,"column":null}},"18":{"start":{"line":58,"column":19},"end":{"line":58,"column":null}}},"fnMap":{"0":{"name":"(anonymous_2)","decl":{"start":{"line":13,"column":29},"end":{"line":13,"column":30}},"loc":{"start":{"line":13,"column":30},"end":{"line":23,"column":null}}},"1":{"name":"(anonymous_3)","decl":{"start":{"line":14,"column":43},"end":{"line":14,"column":44}},"loc":{"start":{"line":14,"column":44},"end":{"line":21,"column":null}}},"2":{"name":"(anonymous_4)","decl":{"start":{"line":26,"column":21},"end":{"line":26,"column":28}},"loc":{"start":{"line":26,"column":28},"end":{"line":48,"column":null}}},"3":{"name":"(anonymous_5)","decl":{"start":{"line":50,"column":28},"end":{"line":50,"column":29}},"loc":{"start":{"line":50,"column":29},"end":{"line":61,"column":null}}},"4":{"name":"(anonymous_6)","decl":{"start":{"line":58,"column":13},"end":{"line":58,"column":19}},"loc":{"start":{"line":58,"column":19},"end":{"line":58,"column":null}}}},"branchMap":{"0":{"loc":{"start":{"line":36,"column":4},"end":{"line":40,"column":null}},"type":"if","locations":[{"start":{"line":36,"column":4},"end":{"line":40,"column":null}}]}},"s":{"0":3,"1":1,"2":1,"3":1,"4":1,"5":1,"6":2,"7":1,"8":1,"9":2,"10":2,"11":1,"12":1,"13":1,"14":0,"15":1,"16":1,"17":3,"18":2},"f":{"0":1,"1":2,"2":2,"3":3,"4":2},"b":{"0":[1]}}
,"/Users/alanabundis/Documents/GBM-Frontend-Challenge/src/hooks/useGetTickers/index.ts": {"path":"/Users/alanabundis/Documents/GBM-Frontend-Challenge/src/hooks/useGetTickers/index.ts","statementMap":{"0":{"start":{"line":153,"column":24},"end":{"line":153,"column":36}},"1":{"start":{"line":153,"column":38},"end":{"line":153,"column":60}},"2":{"start":{"line":153,"column":9},"end":{"line":153,"column":22}},"3":{"start":{"line":1,"column":25},"end":{"line":1,"column":null}},"4":{"start":{"line":2,"column":37},"end":{"line":2,"column":null}},"5":{"start":{"line":3,"column":22},"end":{"line":3,"column":null}},"6":{"start":{"line":33,"column":29},"end":{"line":48,"column":null}},"7":{"start":{"line":37,"column":28},"end":{"line":46,"column":null}},"8":{"start":{"line":38,"column":4},"end":{"line":45,"column":null}},"9":{"start":{"line":47,"column":2},"end":{"line":47,"column":null}},"10":{"start":{"line":56,"column":39},"end":{"line":62,"column":null}},"11":{"start":{"line":57,"column":35},"end":{"line":57,"column":null}},"12":{"start":{"line":58,"column":2},"end":{"line":60,"column":null}},"13":{"start":{"line":59,"column":4},"end":{"line":59,"column":null}},"14":{"start":{"line":61,"column":2},"end":{"line":61,"column":null}},"15":{"start":{"line":73,"column":21},"end":{"line":112,"column":null}},"16":{"start":{"line":74,"column":2},"end":{"line":111,"column":null}},"17":{"start":{"line":75,"column":26},"end":{"line":81,"column":null}},"18":{"start":{"line":83,"column":4},"end":{"line":101,"column":null}},"19":{"start":{"line":85,"column":21},"end":{"line":86,"column":null}},"20":{"start":{"line":86,"column":38},"end":{"line":86,"column":46}},"21":{"start":{"line":90,"column":22},"end":{"line":90,"column":null}},"22":{"start":{"line":93,"column":24},"end":{"line":98,"column":null}},"23":{"start":{"line":100,"column":6},"end":{"line":100,"column":null}},"24":{"start":{"line":104,"column":4},"end":{"line":107,"column":null}},"25":{"start":{"line":110,"column":4},"end":{"line":110,"column":null}},"26":{"start":{"line":119,"column":31},"end":{"line":135,"column":null}},"27":{"start":{"line":120,"column":2},"end":{"line":134,"column":null}},"28":{"start":{"line":121,"column":21},"end":{"line":125,"column":null}},"29":{"start":{"line":126,"column":4},"end":{"line":129,"column":null}},"30":{"start":{"line":127,"column":21},"end":{"line":127,"column":null}},"31":{"start":{"line":128,"column":6},"end":{"line":128,"column":null}},"32":{"start":{"line":131,"column":4},"end":{"line":131,"column":null}},"33":{"start":{"line":133,"column":4},"end":{"line":133,"column":null}},"34":{"start":{"line":137,"column":22},"end":{"line":151,"column":null}},"35":{"start":{"line":138,"column":17},"end":{"line":138,"column":null}},"36":{"start":{"line":139,"column":2},"end":{"line":150,"column":null}},"37":{"start":{"line":148,"column":19},"end":{"line":148,"column":null}}},"fnMap":{"0":{"name":"(anonymous_5)","decl":{"start":{"line":33,"column":29},"end":{"line":33,"column":null}},"loc":{"start":{"line":35,"column":2},"end":{"line":48,"column":null}}},"1":{"name":"(anonymous_6)","decl":{"start":{"line":37,"column":37},"end":{"line":37,"column":38}},"loc":{"start":{"line":37,"column":38},"end":{"line":46,"column":null}}},"2":{"name":"(anonymous_7)","decl":{"start":{"line":56,"column":39},"end":{"line":56,"column":40}},"loc":{"start":{"line":56,"column":40},"end":{"line":62,"column":null}}},"3":{"name":"(anonymous_8)","decl":{"start":{"line":58,"column":15},"end":{"line":58,"column":16}},"loc":{"start":{"line":58,"column":16},"end":{"line":60,"column":null}}},"4":{"name":"(anonymous_9)","decl":{"start":{"line":73,"column":21},"end":{"line":73,"column":28}},"loc":{"start":{"line":73,"column":71},"end":{"line":112,"column":null}}},"5":{"name":"(anonymous_10)","decl":{"start":{"line":86,"column":26},"end":{"line":86,"column":27}},"loc":{"start":{"line":86,"column":38},"end":{"line":86,"column":46}}},"6":{"name":"(anonymous_11)","decl":{"start":{"line":119,"column":31},"end":{"line":119,"column":38}},"loc":{"start":{"line":119,"column":38},"end":{"line":135,"column":null}}},"7":{"name":"(anonymous_12)","decl":{"start":{"line":137,"column":22},"end":{"line":137,"column":23}},"loc":{"start":{"line":137,"column":54},"end":{"line":151,"column":null}}},"8":{"name":"(anonymous_13)","decl":{"start":{"line":148,"column":13},"end":{"line":148,"column":19}},"loc":{"start":{"line":148,"column":19},"end":{"line":148,"column":null}}}},"branchMap":{"0":{"loc":{"start":{"line":42,"column":19},"end":{"line":42,"column":null}},"type":"binary-expr","locations":[{"start":{"line":42,"column":19},"end":{"line":42,"column":35}},{"start":{"line":42,"column":39},"end":{"line":42,"column":null}}]},"1":{"loc":{"start":{"line":73,"column":61},"end":{"line":73,"column":71}},"type":"default-arg","locations":[{"start":{"line":73,"column":69},"end":{"line":73,"column":71}}]},"2":{"loc":{"start":{"line":83,"column":4},"end":{"line":101,"column":null}},"type":"if","locations":[{"start":{"line":83,"column":4},"end":{"line":101,"column":null}}]},"3":{"loc":{"start":{"line":90,"column":58},"end":{"line":90,"column":null}},"type":"binary-expr","locations":[{"start":{"line":90,"column":58},"end":{"line":90,"column":68}},{"start":{"line":90,"column":68},"end":{"line":90,"column":null}}]},"4":{"loc":{"start":{"line":126,"column":4},"end":{"line":129,"column":null}},"type":"if","locations":[{"start":{"line":126,"column":4},"end":{"line":129,"column":null}}]},"5":{"loc":{"start":{"line":138,"column":25},"end":{"line":138,"column":35}},"type":"binary-expr","locations":[{"start":{"line":138,"column":25},"end":{"line":138,"column":34}},{"start":{"line":138,"column":34},"end":{"line":138,"column":35}}]}},"s":{"0":0,"1":0,"2":4,"3":1,"4":1,"5":1,"6":1,"7":1,"8":2,"9":1,"10":1,"11":1,"12":1,"13":2,"14":1,"15":1,"16":2,"17":2,"18":1,"19":1,"20":2,"21":1,"22":1,"23":1,"24":0,"25":1,"26":1,"27":1,"28":1,"29":1,"30":1,"31":1,"32":0,"33":0,"34":1,"35":4,"36":4,"37":2},"f":{"0":1,"1":2,"2":1,"3":2,"4":2,"5":2,"6":1,"7":4,"8":2},"b":{"0":[2,0],"1":[2],"2":[1],"3":[1,0],"4":[1],"5":[4,4]}}
,"/Users/alanabundis/Documents/GBM-Frontend-Challenge/src/utils/axiosInterceptorInstance.ts": {"path":"/Users/alanabundis/Documents/GBM-Frontend-Challenge/src/utils/axiosInterceptorInstance.ts","statementMap":{"0":{"start":{"line":41,"column":0},"end":{"line":41,"column":15}},"1":{"start":{"line":1,"column":18},"end":{"line":1,"column":null}},"2":{"start":{"line":2,"column":22},"end":{"line":2,"column":null}},"3":{"start":{"line":4,"column":17},"end":{"line":4,"column":null}},"4":{"start":{"line":5,"column":31},"end":{"line":5,"column":77}},"5":{"start":{"line":7,"column":33},"end":{"line":9,"column":null}},"6":{"start":{"line":12,"column":0},"end":{"line":24,"column":null}},"7":{"start":{"line":14,"column":4},"end":{"line":17,"column":null}},"8":{"start":{"line":18,"column":4},"end":{"line":18,"column":null}},"9":{"start":{"line":22,"column":4},"end":{"line":22,"column":null}},"10":{"start":{"line":23,"column":4},"end":{"line":23,"column":null}},"11":{"start":{"line":27,"column":0},"end":{"line":37,"column":null}},"12":{"start":{"line":31,"column":4},"end":{"line":31,"column":null}},"13":{"start":{"line":36,"column":4},"end":{"line":36,"column":null}},"14":{"start":{"line":41,"column":15},"end":{"line":41,"column":null}}},"fnMap":{"0":{"name":"(anonymous_2)","decl":{"start":{"line":13,"column":2},"end":{"line":13,"column":3}},"loc":{"start":{"line":13,"column":3},"end":{"line":19,"column":null}}},"1":{"name":"(anonymous_3)","decl":{"start":{"line":20,"column":2},"end":{"line":20,"column":3}},"loc":{"start":{"line":20,"column":3},"end":{"line":24,"column":null}}},"2":{"name":"(anonymous_4)","decl":{"start":{"line":28,"column":2},"end":{"line":28,"column":3}},"loc":{"start":{"line":28,"column":11},"end":{"line":32,"column":null}}},"3":{"name":"(anonymous_5)","decl":{"start":{"line":33,"column":2},"end":{"line":33,"column":3}},"loc":{"start":{"line":33,"column":3},"end":{"line":37,"column":null}}}},"branchMap":{},"s":{"0":4,"1":4,"2":4,"3":4,"4":4,"5":4,"6":4,"7":0,"8":0,"9":0,"10":0,"11":4,"12":0,"13":0,"14":4},"f":{"0":0,"1":0,"2":0,"3":0},"b":{}}
,"/Users/alanabundis/Documents/GBM-Frontend-Challenge/src/utils/queryKeys.ts": {"path":"/Users/alanabundis/Documents/GBM-Frontend-Challenge/src/utils/queryKeys.ts","statementMap":{"0":{"start":{"line":9,"column":0},"end":{"line":9,"column":15}},"1":{"start":{"line":1,"column":18},"end":{"line":8,"column":null}},"2":{"start":{"line":9,"column":15},"end":{"line":9,"column":null}}},"fnMap":{},"branchMap":{},"s":{"0":19,"1":7,"2":7},"f":{},"b":{}}
,"/Users/alanabundis/Documents/GBM-Frontend-Challenge/src/utils/style-utils.ts": {"path":"/Users/alanabundis/Documents/GBM-Frontend-Challenge/src/utils/style-utils.ts","statementMap":{"0":{"start":{"line":8,"column":9},"end":{"line":8,"column":null}},"1":{"start":{"line":1,"column":15},"end":{"line":6,"column":null}}},"fnMap":{},"branchMap":{},"s":{"0":12,"1":1},"f":{},"b":{}}
,"/Users/alanabundis/Documents/GBM-Frontend-Challenge/src/utils/test-utils.tsx": {"path":"/Users/alanabundis/Documents/GBM-Frontend-Challenge/src/utils/test-utils.tsx","statementMap":{"0":{"start":{"line":54,"column":28},"end":{"line":54,"column":47}},"1":{"start":{"line":54,"column":9},"end":{"line":54,"column":26}},"2":{"start":{"line":1,"column":49},"end":{"line":1,"column":null}},"3":{"start":{"line":3,"column":20},"end":{"line":3,"column":null}},"4":{"start":{"line":9,"column":28},"end":{"line":52,"column":null}}},"fnMap":{},"branchMap":{},"s":{"0":5,"1":12,"2":6,"3":6,"4":6},"f":{},"b":{}}
,"/Users/alanabundis/Documents/GBM-Frontend-Challenge/src/utils/utills.ts": {"path":"/Users/alanabundis/Documents/GBM-Frontend-Challenge/src/utils/utills.ts","statementMap":{"0":{"start":{"line":30,"column":40},"end":{"line":30,"column":50}},"1":{"start":{"line":30,"column":9},"end":{"line":30,"column":20}},"2":{"start":{"line":30,"column":22},"end":{"line":30,"column":38}},"3":{"start":{"line":8,"column":25},"end":{"line":10,"column":null}},"4":{"start":{"line":9,"column":2},"end":{"line":9,"column":null}},"5":{"start":{"line":17,"column":20},"end":{"line":19,"column":null}},"6":{"start":{"line":18,"column":2},"end":{"line":18,"column":null}},"7":{"start":{"line":26,"column":19},"end":{"line":28,"column":null}},"8":{"start":{"line":27,"column":2},"end":{"line":27,"column":null}}},"fnMap":{"0":{"name":"(anonymous_5)","decl":{"start":{"line":8,"column":25},"end":{"line":8,"column":26}},"loc":{"start":{"line":8,"column":26},"end":{"line":10,"column":null}}},"1":{"name":"(anonymous_6)","decl":{"start":{"line":17,"column":20},"end":{"line":17,"column":21}},"loc":{"start":{"line":17,"column":21},"end":{"line":19,"column":null}}},"2":{"name":"(anonymous_7)","decl":{"start":{"line":26,"column":19},"end":{"line":26,"column":20}},"loc":{"start":{"line":26,"column":20},"end":{"line":28,"column":null}}}},"branchMap":{"0":{"loc":{"start":{"line":18,"column":30},"end":{"line":18,"column":55}},"type":"binary-expr","locations":[{"start":{"line":18,"column":30},"end":{"line":18,"column":51}},{"start":{"line":18,"column":51},"end":{"line":18,"column":55}}]},"1":{"loc":{"start":{"line":27,"column":16},"end":{"line":27,"column":52}},"type":"cond-expr","locations":[{"start":{"line":27,"column":23},"end":{"line":27,"column":40}},{"start":{"line":27,"column":40},"end":{"line":27,"column":52}}]}},"s":{"0":3,"1":11,"2":4,"3":2,"4":15,"5":2,"6":11,"7":2,"8":3},"f":{"0":15,"1":11,"2":3},"b":{"0":[11,5],"1":[2,1]}}
,"/Users/alanabundis/Documents/GBM-Frontend-Challenge/src/utils/firebase/FirebaseAuthContext.tsx": {"path":"/Users/alanabundis/Documents/GBM-Frontend-Challenge/src/utils/firebase/FirebaseAuthContext.tsx","statementMap":{"0":{"start":{"line":17,"column":13},"end":{"line":17,"column":32}},"1":{"start":{"line":15,"column":13},"end":{"line":15,"column":20}},"2":{"start":{"line":1,"column":63},"end":{"line":1,"column":null}},"3":{"start":{"line":7,"column":7},"end":{"line":7,"column":null}},"4":{"start":{"line":8,"column":21},"end":{"line":8,"column":null}},"5":{"start":{"line":9,"column":22},"end":{"line":9,"column":null}},"6":{"start":{"line":10,"column":26},"end":{"line":10,"column":null}},"7":{"start":{"line":12,"column":20},"end":{"line":12,"column":null}},"8":{"start":{"line":15,"column":23},"end":{"line":15,"column":null}},"9":{"start":{"line":15,"column":29},"end":{"line":15,"column":null}},"10":{"start":{"line":17,"column":35},"end":{"line":71,"column":null}},"11":{"start":{"line":22,"column":17},"end":{"line":22,"column":null}},"12":{"start":{"line":23,"column":26},"end":{"line":23,"column":null}},"13":{"start":{"line":24,"column":32},"end":{"line":24,"column":null}},"14":{"start":{"line":27,"column":2},"end":{"line":33,"column":null}},"15":{"start":{"line":28,"column":17},"end":{"line":28,"column":null}},"16":{"start":{"line":29,"column":4},"end":{"line":31,"column":null}},"17":{"start":{"line":30,"column":6},"end":{"line":30,"column":null}},"18":{"start":{"line":32,"column":4},"end":{"line":32,"column":null}},"19":{"start":{"line":36,"column":2},"end":{"line":50,"column":null}},"20":{"start":{"line":37,"column":24},"end":{"line":47,"column":null}},"21":{"start":{"line":38,"column":6},"end":{"line":46,"column":null}},"22":{"start":{"line":39,"column":8},"end":{"line":39,"column":null}},"23":{"start":{"line":40,"column":8},"end":{"line":40,"column":null}},"24":{"start":{"line":42,"column":8},"end":{"line":42,"column":null}},"25":{"start":{"line":43,"column":8},"end":{"line":43,"column":null}},"26":{"start":{"line":44,"column":8},"end":{"line":44,"column":null}},"27":{"start":{"line":45,"column":8},"end":{"line":45,"column":null}},"28":{"start":{"line":49,"column":4},"end":{"line":49,"column":null}},"29":{"start":{"line":49,"column":17},"end":{"line":49,"column":null}},"30":{"start":{"line":52,"column":17},"end":{"line":54,"column":null}},"31":{"start":{"line":53,"column":4},"end":{"line":53,"column":null}},"32":{"start":{"line":56,"column":16},"end":{"line":58,"column":null}},"33":{"start":{"line":57,"column":4},"end":{"line":57,"column":null}},"34":{"start":{"line":60,"column":17},"end":{"line":64,"column":null}},"35":{"start":{"line":61,"column":4},"end":{"line":61,"column":null}},"36":{"start":{"line":62,"column":4},"end":{"line":62,"column":null}},"37":{"start":{"line":63,"column":4},"end":{"line":63,"column":null}}},"fnMap":{"0":{"name":"(anonymous_4)","decl":{"start":{"line":15,"column":23},"end":{"line":15,"column":29}},"loc":{"start":{"line":15,"column":29},"end":{"line":15,"column":null}}},"1":{"name":"(anonymous_5)","decl":{"start":{"line":17,"column":35},"end":{"line":17,"column":36}},"loc":{"start":{"line":21,"column":1},"end":{"line":71,"column":null}}},"2":{"name":"(anonymous_6)","decl":{"start":{"line":27,"column":12},"end":{"line":27,"column":null}},"loc":{"start":{"line":27,"column":12},"end":{"line":33,"column":5}}},"3":{"name":"(anonymous_7)","decl":{"start":{"line":36,"column":12},"end":{"line":36,"column":null}},"loc":{"start":{"line":36,"column":12},"end":{"line":50,"column":5}}},"4":{"name":"(anonymous_8)","decl":{"start":{"line":37,"column":49},"end":{"line":37,"column":50}},"loc":{"start":{"line":37,"column":50},"end":{"line":47,"column":null}}},"5":{"name":"(anonymous_9)","decl":{"start":{"line":49,"column":11},"end":{"line":49,"column":17}},"loc":{"start":{"line":49,"column":17},"end":{"line":49,"column":null}}},"6":{"name":"(anonymous_10)","decl":{"start":{"line":52,"column":17},"end":{"line":52,"column":18}},"loc":{"start":{"line":52,"column":33},"end":{"line":54,"column":null}}},"7":{"name":"(anonymous_11)","decl":{"start":{"line":56,"column":16},"end":{"line":56,"column":17}},"loc":{"start":{"line":56,"column":32},"end":{"line":58,"column":null}}},"8":{"name":"(anonymous_12)","decl":{"start":{"line":60,"column":17},"end":{"line":60,"column":null}},"loc":{"start":{"line":60,"column":17},"end":{"line":64,"column":null}}}},"branchMap":{"0":{"loc":{"start":{"line":29,"column":4},"end":{"line":31,"column":null}},"type":"if","locations":[{"start":{"line":29,"column":4},"end":{"line":31,"column":null}}]},"1":{"loc":{"start":{"line":38,"column":6},"end":{"line":46,"column":null}},"type":"if","locations":[{"start":{"line":38,"column":6},"end":{"line":46,"column":null}},{"start":{"line":41,"column":13},"end":{"line":46,"column":null}}]},"2":{"loc":{"start":{"line":68,"column":7},"end":{"line":68,"column":null}},"type":"cond-expr","locations":[{"start":{"line":68,"column":17},"end":{"line":68,"column":24}},{"start":{"line":68,"column":24},"end":{"line":68,"column":null}}]}},"s":{"0":2,"1":3,"2":2,"3":2,"4":2,"5":2,"6":2,"7":2,"8":2,"9":3,"10":2,"11":2,"12":2,"13":2,"14":2,"15":2,"16":2,"17":2,"18":2,"19":2,"20":2,"21":2,"22":0,"23":0,"24":2,"25":2,"26":2,"27":2,"28":2,"29":2,"30":2,"31":0,"32":2,"33":0,"34":2,"35":0,"36":0,"37":0},"f":{"0":3,"1":2,"2":2,"3":2,"4":2,"5":2,"6":0,"7":0,"8":0},"b":{"0":[2],"1":[0,2],"2":[2,0]}}
,"/Users/alanabundis/Documents/GBM-Frontend-Challenge/src/utils/firebase/index.ts": {"path":"/Users/alanabundis/Documents/GBM-Frontend-Challenge/src/utils/firebase/index.ts","statementMap":{"0":{"start":{"line":32,"column":9},"end":{"line":32,"column":13}},"1":{"start":{"line":32,"column":15},"end":{"line":32,"column":17}},"2":{"start":{"line":1,"column":55},"end":{"line":1,"column":null}},"3":{"start":{"line":2,"column":24},"end":{"line":2,"column":null}},"4":{"start":{"line":3,"column":29},"end":{"line":3,"column":null}},"5":{"start":{"line":6,"column":23},"end":{"line":13,"column":null}},"6":{"start":{"line":21,"column":2},"end":{"line":25,"column":null}},"7":{"start":{"line":22,"column":4},"end":{"line":22,"column":null}},"8":{"start":{"line":24,"column":4},"end":{"line":24,"column":null}},"9":{"start":{"line":28,"column":12},"end":{"line":28,"column":null}},"10":{"start":{"line":29,"column":13},"end":{"line":29,"column":null}},"11":{"start":{"line":30,"column":11},"end":{"line":30,"column":null}}},"fnMap":{"0":{"name":"createFirebaseApp","decl":{"start":{"line":20,"column":9},"end":{"line":20,"column":27}},"loc":{"start":{"line":20,"column":50},"end":{"line":26,"column":null}}}},"branchMap":{},"s":{"0":2,"1":4,"2":3,"3":3,"4":3,"5":3,"6":3,"7":3,"8":3,"9":3,"10":3,"11":3},"f":{"0":3},"b":{}}
}
