TN:
SF:src/app/login/page.tsx
FN:16,(anonymous_2)
FN:30,(anonymous_3)
FN:42,(anonymous_4)
FN:53,(anonymous_5)
FN:111,(anonymous_6)
FNF:5
FNH:0
FNDA:0,(anonymous_2)
FNDA:0,(anonymous_3)
FNDA:0,(anonymous_4)
FNDA:0,(anonymous_5)
FNDA:0,(anonymous_6)
DA:3,1
DA:4,1
DA:6,1
DA:7,1
DA:8,1
DA:9,1
DA:16,1
DA:17,0
DA:18,0
DA:19,0
DA:20,0
DA:21,0
DA:23,0
DA:30,0
DA:31,0
DA:32,0
DA:34,0
DA:35,0
DA:37,0
DA:42,0
DA:43,0
DA:44,0
DA:46,0
DA:47,0
DA:49,0
DA:53,0
DA:55,0
DA:61,0
DA:112,0
DA:115,0
DA:127,2
LF:31
LH:8
BRDA:55,0,0,0
BRDA:55,0,1,0
BRDA:57,1,0,0
BRDA:57,1,1,0
BRDA:71,2,0,0
BRDA:71,2,1,0
BRDA:72,3,0,0
BRDA:72,3,1,0
BRDA:75,4,0,0
BRDA:75,4,1,0
BRDA:102,5,0,0
BRDA:102,5,1,0
BRDA:107,6,0,0
BRDA:107,6,1,0
BRDA:112,7,0,0
BRDA:112,7,1,0
BRDA:118,8,0,0
BRDA:118,8,1,0
BRF:18
BRH:0
end_of_record
TN:
SF:src/components/Chart/Chart.tsx
FN:30,(anonymous_2)
FN:45,(anonymous_3)
FN:58,(anonymous_4)
FN:124,(anonymous_5)
FN:159,(anonymous_6)
FN:163,(anonymous_7)
FN:174,(anonymous_8)
FN:179,(anonymous_9)
FNF:8
FNH:4
FNDA:2,(anonymous_2)
FNDA:2,(anonymous_3)
FNDA:2,(anonymous_4)
FNDA:0,(anonymous_5)
FNDA:0,(anonymous_6)
FNDA:0,(anonymous_7)
FNDA:3,(anonymous_8)
FNDA:0,(anonymous_9)
DA:8,1
DA:9,1
DA:10,1
DA:11,1
DA:13,1
DA:14,1
DA:16,1
DA:23,1
DA:30,1
DA:31,2
DA:32,2
DA:34,2
DA:36,2
DA:38,2
DA:39,2
DA:42,2
DA:43,2
DA:45,2
DA:47,2
DA:48,1
DA:54,1
DA:58,2
DA:60,2
DA:61,0
DA:62,0
DA:64,0
DA:70,0
DA:71,0
DA:74,0
DA:75,0
DA:77,0
DA:83,0
DA:84,0
DA:87,0
DA:88,0
DA:90,0
DA:96,0
DA:97,0
DA:100,0
DA:101,0
DA:103,0
DA:109,0
DA:110,0
DA:112,0
DA:124,2
DA:125,0
DA:127,0
DA:128,0
DA:130,0
DA:132,0
DA:134,0
DA:135,0
DA:137,0
DA:139,0
DA:141,0
DA:142,0
DA:144,0
DA:146,0
DA:148,0
DA:149,0
DA:151,0
DA:153,0
DA:155,0
DA:159,2
DA:160,0
DA:163,2
DA:164,0
DA:175,3
DA:180,0
DA:181,0
DA:185,0
DA:217,1
LF:72
LH:28
BRDA:47,0,0,1
BRDA:47,1,0,2
BRDA:47,1,1,2
BRDA:47,1,2,2
BRDA:60,2,0,0
BRDA:60,3,0,2
BRDA:60,3,1,0
BRDA:60,3,2,0
BRDA:61,4,0,0
BRDA:61,4,1,0
BRDA:74,5,0,0
BRDA:74,5,1,0
BRDA:87,6,0,0
BRDA:87,6,1,0
BRDA:100,7,0,0
BRDA:100,7,1,0
BRDA:125,8,0,0
BRDA:125,8,1,0
BRDA:125,8,2,0
BRDA:125,8,3,0
BRDA:125,8,4,0
BRDA:127,9,0,0
BRDA:127,9,1,0
BRDA:130,10,0,0
BRDA:130,10,1,0
BRDA:134,11,0,0
BRDA:134,11,1,0
BRDA:137,12,0,0
BRDA:137,12,1,0
BRDA:141,13,0,0
BRDA:141,13,1,0
BRDA:144,14,0,0
BRDA:144,14,1,0
BRDA:148,15,0,0
BRDA:148,15,1,0
BRDA:151,16,0,0
BRDA:151,16,1,0
BRDA:180,17,0,0
BRF:38
BRH:5
end_of_record
TN:
SF:src/components/Chart/chartOptions.ts
FN:4,(anonymous_2)
FN:20,(anonymous_3)
FN:21,(anonymous_4)
FN:31,(anonymous_5)
FNF:4
FNH:1
FNDA:1,(anonymous_2)
FNDA:0,(anonymous_3)
FNDA:0,(anonymous_4)
FNDA:0,(anonymous_5)
DA:1,1
DA:2,1
DA:4,1
DA:20,0
DA:21,0
DA:31,0
DA:36,1
LF:7
LH:4
BRF:0
BRH:0
end_of_record
TN:
SF:src/components/TickerHeader/TickerHeader.tsx
FN:29,(anonymous_2)
FN:37,(anonymous_3)
FN:39,(anonymous_4)
FN:48,(anonymous_5)
FN:54,(anonymous_6)
FN:58,(anonymous_7)
FN:79,(anonymous_8)
FN:114,(anonymous_9)
FN:125,(anonymous_10)
FNF:9
FNH:3
FNDA:3,(anonymous_2)
FNDA:3,(anonymous_3)
FNDA:0,(anonymous_4)
FNDA:0,(anonymous_5)
FNDA:0,(anonymous_6)
FNDA:0,(anonymous_7)
FNDA:1,(anonymous_8)
FNDA:0,(anonymous_9)
FNDA:0,(anonymous_10)
DA:5,1
DA:6,1
DA:7,1
DA:9,1
DA:10,1
DA:11,1
DA:16,1
DA:17,1
DA:18,1
DA:19,1
DA:21,1
DA:29,1
DA:30,3
DA:31,3
DA:32,3
DA:33,3
DA:34,3
DA:35,3
DA:37,3
DA:38,3
DA:39,1
DA:40,0
DA:42,1
DA:48,3
DA:50,0
DA:51,0
DA:54,3
DA:55,0
DA:58,3
DA:59,0
DA:60,0
DA:61,0
DA:62,0
DA:64,0
DA:65,0
DA:79,1
DA:114,0
DA:126,0
DA:158,3
LF:39
LH:27
BRDA:38,0,0,1
BRDA:38,1,0,3
BRDA:38,1,1,3
BRDA:39,2,0,0
BRDA:39,2,1,1
BRDA:59,3,0,0
BRDA:60,4,0,0
BRDA:60,4,1,0
BRDA:71,5,0,1
BRDA:88,6,0,0
BRDA:88,6,1,2
BRDA:95,7,0,0
BRDA:95,7,1,2
BRDA:106,8,0,2
BRDA:108,9,0,2
BRDA:108,9,1,1
BRDA:152,10,0,2
BRDA:152,10,1,1
BRF:18
BRH:12
end_of_record
TN:
SF:src/components/TickerHeader/TickerHeaderLoadingState.tsx
FN:6,(anonymous_2)
FNF:1
FNH:1
FNDA:1,(anonymous_2)
DA:4,1
DA:6,1
DA:65,1
LF:3
LH:3
BRF:0
BRH:0
end_of_record
TN:
SF:src/components/TickerSearchModal/TickerSearchModal.tsx
FN:13,(anonymous_2)
FN:25,(anonymous_3)
FN:30,(anonymous_4)
FN:34,(anonymous_5)
FN:39,(anonymous_6)
FN:44,(anonymous_7)
FN:65,(anonymous_8)
FN:78,(anonymous_9)
FN:80,(anonymous_11)
FNF:9
FNH:6
FNDA:3,(anonymous_2)
FNDA:1,(anonymous_3)
FNDA:0,(anonymous_4)
FNDA:0,(anonymous_5)
FNDA:9,(anonymous_6)
FNDA:1,(anonymous_7)
FNDA:0,(anonymous_8)
FNDA:9,(anonymous_9)
FNDA:1,(anonymous_11)
DA:4,1
DA:6,1
DA:10,1
DA:11,1
DA:13,1
DA:20,3
DA:21,3
DA:22,3
DA:23,3
DA:25,3
DA:26,1
DA:27,1
DA:30,3
DA:31,0
DA:34,3
DA:35,0
DA:39,3
DA:40,9
DA:44,3
DA:45,1
DA:47,1
DA:65,0
DA:78,9
DA:80,1
DA:88,3
LF:25
LH:22
BRDA:45,0,0,1
BRDA:65,1,0,0
BRDA:65,1,1,0
BRDA:75,2,0,3
BRDA:75,2,1,3
BRF:5
BRH:3
end_of_record
TN:
SF:src/hooks/useFavorites/index.ts
FN:14,(anonymous_6)
FN:18,(anonymous_7)
FN:48,(anonymous_8)
FN:52,(anonymous_9)
FN:73,(anonymous_10)
FN:74,(anonymous_11)
FN:90,(anonymous_12)
FN:93,(anonymous_13)
FNF:8
FNH:8
FNDA:1,(anonymous_6)
FNDA:1,(anonymous_7)
FNDA:1,(anonymous_8)
FNDA:1,(anonymous_9)
FNDA:2,(anonymous_10)
FNDA:2,(anonymous_11)
FNDA:2,(anonymous_12)
FNDA:1,(anonymous_13)
DA:1,1
DA:8,1
DA:10,1
DA:11,1
DA:14,1
DA:18,1
DA:19,1
DA:20,1
DA:21,1
DA:22,1
DA:24,1
DA:29,0
DA:35,1
DA:37,1
DA:38,1
DA:39,1
DA:40,1
DA:43,0
DA:48,1
DA:52,1
DA:53,1
DA:54,1
DA:57,1
DA:61,1
DA:62,1
DA:63,1
DA:64,1
DA:65,1
DA:68,0
DA:73,1
DA:74,2
DA:75,2
DA:76,2
DA:77,2
DA:79,2
DA:80,2
DA:81,2
DA:82,2
DA:84,2
DA:86,0
DA:90,1
DA:91,2
DA:93,1
DA:98,2
LF:44
LH:40
BRDA:22,0,0,1
BRDA:22,0,1,0
BRDA:37,1,0,1
BRDA:62,2,0,1
BRDA:79,3,0,2
BRF:5
BRH:4
end_of_record
TN:
SF:src/hooks/useGetTicker/index.ts
FN:30,(anonymous_4)
FN:52,(anonymous_5)
FN:73,(anonymous_6)
FN:93,(anonymous_7)
FN:99,(anonymous_8)
FNF:5
FNH:5
FNDA:1,(anonymous_4)
FNDA:2,(anonymous_5)
FNDA:1,(anonymous_6)
FNDA:4,(anonymous_7)
FNDA:2,(anonymous_8)
DA:1,1
DA:2,1
DA:3,1
DA:30,1
DA:34,1
DA:35,1
DA:36,1
DA:52,1
DA:53,2
DA:54,2
DA:57,1
DA:58,1
DA:61,1
DA:62,1
DA:66,0
DA:69,1
DA:73,1
DA:74,1
DA:75,1
DA:83,1
DA:84,0
DA:87,1
DA:89,0
DA:93,1
DA:97,4
DA:99,2
DA:104,4
LF:27
LH:24
BRDA:57,0,0,1
BRDA:61,1,0,1
BRDA:61,1,1,1
BRDA:76,2,0,0
BRDA:76,2,1,1
BRDA:83,3,0,0
BRDA:95,4,0,4
BRF:7
BRH:5
end_of_record
TN:
SF:src/hooks/useGetTickerEODData/index.ts
FN:22,(anonymous_2)
FN:27,(anonymous_3)
FN:54,(anonymous_4)
FN:78,(anonymous_5)
FN:85,(anonymous_6)
FNF:5
FNH:5
FNDA:1,(anonymous_2)
FNDA:2,(anonymous_3)
FNDA:2,(anonymous_4)
FNDA:4,(anonymous_5)
FNDA:2,(anonymous_6)
DA:1,1
DA:2,1
DA:3,1
DA:5,1
DA:22,1
DA:23,1
DA:24,1
DA:25,1
DA:26,1
DA:27,1
DA:28,2
DA:29,2
DA:33,2
DA:37,2
DA:41,2
DA:46,1
DA:54,1
DA:59,2
DA:60,2
DA:67,1
DA:68,1
DA:69,1
DA:72,0
DA:74,1
DA:78,1
DA:83,4
DA:85,2
DA:90,4
LF:28
LH:27
BRDA:67,0,0,1
BRDA:68,1,0,1
BRDA:68,1,1,0
BRDA:80,2,0,2
BRDA:81,3,0,2
BRF:5
BRH:4
end_of_record
TN:
SF:src/hooks/useGetTickerSearchList/index.ts
FN:13,(anonymous_2)
FN:14,(anonymous_3)
FN:26,(anonymous_4)
FN:50,(anonymous_5)
FN:58,(anonymous_6)
FNF:5
FNH:5
FNDA:1,(anonymous_2)
FNDA:2,(anonymous_3)
FNDA:2,(anonymous_4)
FNDA:3,(anonymous_5)
FNDA:2,(anonymous_6)
DA:1,1
DA:2,1
DA:3,1
DA:13,1
DA:14,1
DA:15,2
DA:22,1
DA:26,1
DA:27,2
DA:28,2
DA:36,1
DA:38,1
DA:39,1
DA:43,0
DA:46,1
DA:50,1
DA:51,3
DA:58,2
DA:63,3
LF:19
LH:18
BRDA:36,0,0,1
BRF:1
BRH:1
end_of_record
TN:
SF:src/hooks/useGetTickers/index.ts
FN:33,(anonymous_5)
FN:37,(anonymous_6)
FN:56,(anonymous_7)
FN:58,(anonymous_8)
FN:73,(anonymous_9)
FN:86,(anonymous_10)
FN:119,(anonymous_11)
FN:137,(anonymous_12)
FN:148,(anonymous_13)
FNF:9
FNH:9
FNDA:1,(anonymous_5)
FNDA:2,(anonymous_6)
FNDA:1,(anonymous_7)
FNDA:2,(anonymous_8)
FNDA:2,(anonymous_9)
FNDA:2,(anonymous_10)
FNDA:1,(anonymous_11)
FNDA:4,(anonymous_12)
FNDA:2,(anonymous_13)
DA:1,1
DA:2,1
DA:3,1
DA:33,1
DA:37,1
DA:38,2
DA:47,1
DA:56,1
DA:57,1
DA:58,1
DA:59,2
DA:61,1
DA:73,1
DA:74,2
DA:75,2
DA:83,1
DA:85,1
DA:86,2
DA:90,1
DA:93,1
DA:100,1
DA:104,0
DA:110,1
DA:119,1
DA:120,1
DA:121,1
DA:126,1
DA:127,1
DA:128,1
DA:131,0
DA:133,0
DA:137,1
DA:138,4
DA:139,4
DA:148,2
DA:153,4
LF:36
LH:33
BRDA:42,0,0,2
BRDA:42,0,1,0
BRDA:73,1,0,2
BRDA:83,2,0,1
BRDA:90,3,0,1
BRDA:90,3,1,0
BRDA:126,4,0,1
BRDA:138,5,0,4
BRDA:138,5,1,4
BRF:9
BRH:7
end_of_record
TN:
SF:src/utils/axiosInterceptorInstance.ts
FN:13,(anonymous_2)
FN:20,(anonymous_3)
FN:28,(anonymous_4)
FN:33,(anonymous_5)
FNF:4
FNH:0
FNDA:0,(anonymous_2)
FNDA:0,(anonymous_3)
FNDA:0,(anonymous_4)
FNDA:0,(anonymous_5)
DA:1,4
DA:2,4
DA:4,4
DA:5,4
DA:7,4
DA:12,4
DA:14,0
DA:18,0
DA:22,0
DA:23,0
DA:27,4
DA:31,0
DA:36,0
DA:41,4
LF:14
LH:8
BRF:0
BRH:0
end_of_record
TN:
SF:src/utils/queryKeys.ts
FNF:0
FNH:0
DA:1,7
DA:9,19
LF:2
LH:2
BRF:0
BRH:0
end_of_record
TN:
SF:src/utils/style-utils.ts
FNF:0
FNH:0
DA:1,1
DA:8,12
LF:2
LH:2
BRF:0
BRH:0
end_of_record
TN:
SF:src/utils/test-utils.tsx
FNF:0
FNH:0
DA:1,6
DA:3,6
DA:9,6
DA:54,12
LF:4
LH:4
BRF:0
BRH:0
end_of_record
TN:
SF:src/utils/utills.ts
FN:8,(anonymous_5)
FN:17,(anonymous_6)
FN:26,(anonymous_7)
FNF:3
FNH:3
FNDA:15,(anonymous_5)
FNDA:11,(anonymous_6)
FNDA:3,(anonymous_7)
DA:8,2
DA:9,15
DA:17,2
DA:18,11
DA:26,2
DA:27,3
DA:30,11
LF:7
LH:7
BRDA:18,0,0,11
BRDA:18,0,1,5
BRDA:27,1,0,2
BRDA:27,1,1,1
BRF:4
BRH:4
end_of_record
TN:
SF:src/utils/firebase/FirebaseAuthContext.tsx
FN:15,(anonymous_4)
FN:17,(anonymous_5)
FN:27,(anonymous_6)
FN:36,(anonymous_7)
FN:37,(anonymous_8)
FN:49,(anonymous_9)
FN:52,(anonymous_10)
FN:56,(anonymous_11)
FN:60,(anonymous_12)
FNF:9
FNH:6
FNDA:3,(anonymous_4)
FNDA:2,(anonymous_5)
FNDA:2,(anonymous_6)
FNDA:2,(anonymous_7)
FNDA:2,(anonymous_8)
FNDA:2,(anonymous_9)
FNDA:0,(anonymous_10)
FNDA:0,(anonymous_11)
FNDA:0,(anonymous_12)
DA:1,2
DA:7,2
DA:8,2
DA:9,2
DA:10,2
DA:12,2
DA:15,3
DA:17,2
DA:22,2
DA:23,2
DA:24,2
DA:27,2
DA:28,2
DA:29,2
DA:30,2
DA:32,2
DA:36,2
DA:37,2
DA:38,2
DA:39,0
DA:40,0
DA:42,2
DA:43,2
DA:44,2
DA:45,2
DA:49,2
DA:52,2
DA:53,0
DA:56,2
DA:57,0
DA:60,2
DA:61,0
DA:62,0
DA:63,0
LF:34
LH:27
BRDA:29,0,0,2
BRDA:38,1,0,0
BRDA:38,1,1,2
BRDA:68,2,0,2
BRDA:68,2,1,0
BRF:5
BRH:3
end_of_record
TN:
SF:src/utils/firebase/index.ts
FN:20,createFirebaseApp
FNF:1
FNH:1
FNDA:3,createFirebaseApp
DA:1,3
DA:2,3
DA:3,3
DA:6,3
DA:21,3
DA:22,3
DA:24,3
DA:28,3
DA:29,3
DA:30,3
DA:32,4
LF:11
LH:11
BRF:0
BRH:0
end_of_record
